  Hell'sSymphony.c
D:\Windows Kits\10\Include\10.0.22621.0\shared\ntstatus.h(66,9): warning C4005: 'STATUS_WAIT_0' : redéfinition de macro
  (compiler le fichier source 'Hell'sSymphony.c')
      D:\Windows Kits\10\Include\10.0.22621.0\um\winnt.h(2549,9):
      voir la définition précédente de « STATUS_WAIT_0 »
  
D:\Windows Kits\10\Include\10.0.22621.0\shared\ntstatus.h(223,9): warning C4005: 'STATUS_ABANDONED_WAIT_0' : redéfinition de macro
  (compiler le fichier source 'Hell'sSymphony.c')
      D:\Windows Kits\10\Include\10.0.22621.0\um\winnt.h(2550,9):
      voir la définition précédente de « STATUS_ABANDONED_WAIT_0 »
  
D:\Windows Kits\10\Include\10.0.22621.0\shared\ntstatus.h(246,9): warning C4005: 'STATUS_USER_APC' : redéfinition de macro
  (compiler le fichier source 'Hell'sSymphony.c')
      D:\Windows Kits\10\Include\10.0.22621.0\um\winnt.h(2551,9):
      voir la définition précédente de « STATUS_USER_APC »
  
D:\Windows Kits\10\Include\10.0.22621.0\shared\ntstatus.h(282,9): warning C4005: 'STATUS_TIMEOUT' : redéfinition de macro
  (compiler le fichier source 'Hell'sSymphony.c')
      D:\Windows Kits\10\Include\10.0.22621.0\um\winnt.h(2552,9):
      voir la définition précédente de « STATUS_TIMEOUT »
  
D:\Windows Kits\10\Include\10.0.22621.0\shared\ntstatus.h(291,9): warning C4005: 'STATUS_PENDING' : redéfinition de macro
  (compiler le fichier source 'Hell'sSymphony.c')
      D:\Windows Kits\10\Include\10.0.22621.0\um\winnt.h(2553,9):
      voir la définition précédente de « STATUS_PENDING »
  
D:\Windows Kits\10\Include\10.0.22621.0\shared\ntstatus.h(747,9): warning C4005: 'DBG_EXCEPTION_HANDLED' : redéfinition de macro
  (compiler le fichier source 'Hell'sSymphony.c')
      D:\Windows Kits\10\Include\10.0.22621.0\um\winnt.h(2554,9):
      voir la définition précédente de « DBG_EXCEPTION_HANDLED »
  
D:\Windows Kits\10\Include\10.0.22621.0\shared\ntstatus.h(756,9): warning C4005: 'DBG_CONTINUE' : redéfinition de macro
  (compiler le fichier source 'Hell'sSymphony.c')
      D:\Windows Kits\10\Include\10.0.22621.0\um\winnt.h(2555,9):
      voir la définition précédente de « DBG_CONTINUE »
  
D:\Windows Kits\10\Include\10.0.22621.0\shared\ntstatus.h(831,9): warning C4005: 'STATUS_SEGMENT_NOTIFICATION' : redéfinition de macro
  (compiler le fichier source 'Hell'sSymphony.c')
      D:\Windows Kits\10\Include\10.0.22621.0\um\winnt.h(2556,9):
      voir la définition précédente de « STATUS_SEGMENT_NOTIFICATION »
  
D:\Windows Kits\10\Include\10.0.22621.0\shared\ntstatus.h(994,9): warning C4005: 'STATUS_FATAL_APP_EXIT' : redéfinition de macro
  (compiler le fichier source 'Hell'sSymphony.c')
      D:\Windows Kits\10\Include\10.0.22621.0\um\winnt.h(2557,9):
      voir la définition précédente de « STATUS_FATAL_APP_EXIT »
  
D:\Windows Kits\10\Include\10.0.22621.0\shared\ntstatus.h(1332,9): warning C4005: 'DBG_REPLY_LATER' : redéfinition de macro
  (compiler le fichier source 'Hell'sSymphony.c')
      D:\Windows Kits\10\Include\10.0.22621.0\um\winnt.h(2558,9):
      voir la définition précédente de « DBG_REPLY_LATER »
  
D:\Windows Kits\10\Include\10.0.22621.0\shared\ntstatus.h(1350,9): warning C4005: 'DBG_TERMINATE_THREAD' : redéfinition de macro
  (compiler le fichier source 'Hell'sSymphony.c')
      D:\Windows Kits\10\Include\10.0.22621.0\um\winnt.h(2559,9):
      voir la définition précédente de « DBG_TERMINATE_THREAD »
  
D:\Windows Kits\10\Include\10.0.22621.0\shared\ntstatus.h(1359,9): warning C4005: 'DBG_TERMINATE_PROCESS' : redéfinition de macro
  (compiler le fichier source 'Hell'sSymphony.c')
      D:\Windows Kits\10\Include\10.0.22621.0\um\winnt.h(2560,9):
      voir la définition précédente de « DBG_TERMINATE_PROCESS »
  
D:\Windows Kits\10\Include\10.0.22621.0\shared\ntstatus.h(1368,9): warning C4005: 'DBG_CONTROL_C' : redéfinition de macro
  (compiler le fichier source 'Hell'sSymphony.c')
      D:\Windows Kits\10\Include\10.0.22621.0\um\winnt.h(2561,9):
      voir la définition précédente de « DBG_CONTROL_C »
  
D:\Windows Kits\10\Include\10.0.22621.0\shared\ntstatus.h(1377,9): warning C4005: 'DBG_PRINTEXCEPTION_C' : redéfinition de macro
  (compiler le fichier source 'Hell'sSymphony.c')
      D:\Windows Kits\10\Include\10.0.22621.0\um\winnt.h(2562,9):
      voir la définition précédente de « DBG_PRINTEXCEPTION_C »
  
D:\Windows Kits\10\Include\10.0.22621.0\shared\ntstatus.h(1386,9): warning C4005: 'DBG_RIPEXCEPTION' : redéfinition de macro
  (compiler le fichier source 'Hell'sSymphony.c')
      D:\Windows Kits\10\Include\10.0.22621.0\um\winnt.h(2563,9):
      voir la définition précédente de « DBG_RIPEXCEPTION »
  
D:\Windows Kits\10\Include\10.0.22621.0\shared\ntstatus.h(1395,9): warning C4005: 'DBG_CONTROL_BREAK' : redéfinition de macro
  (compiler le fichier source 'Hell'sSymphony.c')
      D:\Windows Kits\10\Include\10.0.22621.0\um\winnt.h(2564,9):
      voir la définition précédente de « DBG_CONTROL_BREAK »
  
D:\Windows Kits\10\Include\10.0.22621.0\shared\ntstatus.h(1404,9): warning C4005: 'DBG_COMMAND_EXCEPTION' : redéfinition de macro
  (compiler le fichier source 'Hell'sSymphony.c')
      D:\Windows Kits\10\Include\10.0.22621.0\um\winnt.h(2565,9):
      voir la définition précédente de « DBG_COMMAND_EXCEPTION »
  
D:\Windows Kits\10\Include\10.0.22621.0\shared\ntstatus.h(1413,9): warning C4005: 'DBG_PRINTEXCEPTION_WIDE_C' : redéfinition de macro
  (compiler le fichier source 'Hell'sSymphony.c')
      D:\Windows Kits\10\Include\10.0.22621.0\um\winnt.h(2566,9):
      voir la définition précédente de « DBG_PRINTEXCEPTION_WIDE_C »
  
D:\Windows Kits\10\Include\10.0.22621.0\shared\ntstatus.h(1445,9): warning C4005: 'STATUS_GUARD_PAGE_VIOLATION' : redéfinition de macro
  (compiler le fichier source 'Hell'sSymphony.c')
      D:\Windows Kits\10\Include\10.0.22621.0\um\winnt.h(2567,9):
      voir la définition précédente de « STATUS_GUARD_PAGE_VIOLATION »
  
D:\Windows Kits\10\Include\10.0.22621.0\shared\ntstatus.h(1456,9): warning C4005: 'STATUS_DATATYPE_MISALIGNMENT' : redéfinition de macro
  (compiler le fichier source 'Hell'sSymphony.c')
      D:\Windows Kits\10\Include\10.0.22621.0\um\winnt.h(2568,9):
      voir la définition précédente de « STATUS_DATATYPE_MISALIGNMENT »
  
D:\Windows Kits\10\Include\10.0.22621.0\shared\ntstatus.h(1467,9): warning C4005: 'STATUS_BREAKPOINT' : redéfinition de macro
  (compiler le fichier source 'Hell'sSymphony.c')
      D:\Windows Kits\10\Include\10.0.22621.0\um\winnt.h(2569,9):
      voir la définition précédente de « STATUS_BREAKPOINT »
  
D:\Windows Kits\10\Include\10.0.22621.0\shared\ntstatus.h(1478,9): warning C4005: 'STATUS_SINGLE_STEP' : redéfinition de macro
  (compiler le fichier source 'Hell'sSymphony.c')
      D:\Windows Kits\10\Include\10.0.22621.0\um\winnt.h(2570,9):
      voir la définition précédente de « STATUS_SINGLE_STEP »
  
D:\Windows Kits\10\Include\10.0.22621.0\shared\ntstatus.h(1781,9): warning C4005: 'STATUS_LONGJUMP' : redéfinition de macro
  (compiler le fichier source 'Hell'sSymphony.c')
      D:\Windows Kits\10\Include\10.0.22621.0\um\winnt.h(2571,9):
      voir la définition précédente de « STATUS_LONGJUMP »
  
D:\Windows Kits\10\Include\10.0.22621.0\shared\ntstatus.h(1808,9): warning C4005: 'STATUS_UNWIND_CONSOLIDATE' : redéfinition de macro
  (compiler le fichier source 'Hell'sSymphony.c')
      D:\Windows Kits\10\Include\10.0.22621.0\um\winnt.h(2572,9):
      voir la définition précédente de « STATUS_UNWIND_CONSOLIDATE »
  
D:\Windows Kits\10\Include\10.0.22621.0\shared\ntstatus.h(1923,9): warning C4005: 'DBG_EXCEPTION_NOT_HANDLED' : redéfinition de macro
  (compiler le fichier source 'Hell'sSymphony.c')
      D:\Windows Kits\10\Include\10.0.22621.0\um\winnt.h(2573,9):
      voir la définition précédente de « DBG_EXCEPTION_NOT_HANDLED »
  
D:\Windows Kits\10\Include\10.0.22621.0\shared\ntstatus.h(2090,9): warning C4005: 'STATUS_ACCESS_VIOLATION' : redéfinition de macro
  (compiler le fichier source 'Hell'sSymphony.c')
      D:\Windows Kits\10\Include\10.0.22621.0\um\winnt.h(2574,9):
      voir la définition précédente de « STATUS_ACCESS_VIOLATION »
  
D:\Windows Kits\10\Include\10.0.22621.0\shared\ntstatus.h(2099,9): warning C4005: 'STATUS_IN_PAGE_ERROR' : redéfinition de macro
  (compiler le fichier source 'Hell'sSymphony.c')
      D:\Windows Kits\10\Include\10.0.22621.0\um\winnt.h(2575,9):
      voir la définition précédente de « STATUS_IN_PAGE_ERROR »
  
D:\Windows Kits\10\Include\10.0.22621.0\shared\ntstatus.h(2117,9): warning C4005: 'STATUS_INVALID_HANDLE' : redéfinition de macro
  (compiler le fichier source 'Hell'sSymphony.c')
      D:\Windows Kits\10\Include\10.0.22621.0\um\winnt.h(2576,9):
      voir la définition précédente de « STATUS_INVALID_HANDLE »
  
D:\Windows Kits\10\Include\10.0.22621.0\shared\ntstatus.h(2162,9): warning C4005: 'STATUS_INVALID_PARAMETER' : redéfinition de macro
  (compiler le fichier source 'Hell'sSymphony.c')
      D:\Windows Kits\10\Include\10.0.22621.0\um\winnt.h(2577,9):
      voir la définition précédente de « STATUS_INVALID_PARAMETER »
  
D:\Windows Kits\10\Include\10.0.22621.0\shared\ntstatus.h(2262,9): warning C4005: 'STATUS_NO_MEMORY' : redéfinition de macro
  (compiler le fichier source 'Hell'sSymphony.c')
      D:\Windows Kits\10\Include\10.0.22621.0\um\winnt.h(2578,9):
      voir la définition précédente de « STATUS_NO_MEMORY »
  
D:\Windows Kits\10\Include\10.0.22621.0\shared\ntstatus.h(2319,9): warning C4005: 'STATUS_ILLEGAL_INSTRUCTION' : redéfinition de macro
  (compiler le fichier source 'Hell'sSymphony.c')
      D:\Windows Kits\10\Include\10.0.22621.0\um\winnt.h(2579,9):
      voir la définition précédente de « STATUS_ILLEGAL_INSTRUCTION »
  
D:\Windows Kits\10\Include\10.0.22621.0\shared\ntstatus.h(2400,9): warning C4005: 'STATUS_NONCONTINUABLE_EXCEPTION' : redéfinition de macro
  (compiler le fichier source 'Hell'sSymphony.c')
      D:\Windows Kits\10\Include\10.0.22621.0\um\winnt.h(2580,9):
      voir la définition précédente de « STATUS_NONCONTINUABLE_EXCEPTION »
  
D:\Windows Kits\10\Include\10.0.22621.0\shared\ntstatus.h(2409,9): warning C4005: 'STATUS_INVALID_DISPOSITION' : redéfinition de macro
  (compiler le fichier source 'Hell'sSymphony.c')
      D:\Windows Kits\10\Include\10.0.22621.0\um\winnt.h(2581,9):
      voir la définition précédente de « STATUS_INVALID_DISPOSITION »
  
D:\Windows Kits\10\Include\10.0.22621.0\shared\ntstatus.h(3342,9): warning C4005: 'STATUS_ARRAY_BOUNDS_EXCEEDED' : redéfinition de macro
  (compiler le fichier source 'Hell'sSymphony.c')
      D:\Windows Kits\10\Include\10.0.22621.0\um\winnt.h(2582,9):
      voir la définition précédente de « STATUS_ARRAY_BOUNDS_EXCEEDED »
  
D:\Windows Kits\10\Include\10.0.22621.0\shared\ntstatus.h(3352,9): warning C4005: 'STATUS_FLOAT_DENORMAL_OPERAND' : redéfinition de macro
  (compiler le fichier source 'Hell'sSymphony.c')
      D:\Windows Kits\10\Include\10.0.22621.0\um\winnt.h(2583,9):
      voir la définition précédente de « STATUS_FLOAT_DENORMAL_OPERAND »
  
D:\Windows Kits\10\Include\10.0.22621.0\shared\ntstatus.h(3362,9): warning C4005: 'STATUS_FLOAT_DIVIDE_BY_ZERO' : redéfinition de macro
  (compiler le fichier source 'Hell'sSymphony.c')
      D:\Windows Kits\10\Include\10.0.22621.0\um\winnt.h(2584,9):
      voir la définition précédente de « STATUS_FLOAT_DIVIDE_BY_ZERO »
  
D:\Windows Kits\10\Include\10.0.22621.0\shared\ntstatus.h(3372,9): warning C4005: 'STATUS_FLOAT_INEXACT_RESULT' : redéfinition de macro
  (compiler le fichier source 'Hell'sSymphony.c')
      D:\Windows Kits\10\Include\10.0.22621.0\um\winnt.h(2585,9):
      voir la définition précédente de « STATUS_FLOAT_INEXACT_RESULT »
  
D:\Windows Kits\10\Include\10.0.22621.0\shared\ntstatus.h(3382,9): warning C4005: 'STATUS_FLOAT_INVALID_OPERATION' : redéfinition de macro
  (compiler le fichier source 'Hell'sSymphony.c')
      D:\Windows Kits\10\Include\10.0.22621.0\um\winnt.h(2586,9):
      voir la définition précédente de « STATUS_FLOAT_INVALID_OPERATION »
  
D:\Windows Kits\10\Include\10.0.22621.0\shared\ntstatus.h(3392,9): warning C4005: 'STATUS_FLOAT_OVERFLOW' : redéfinition de macro
  (compiler le fichier source 'Hell'sSymphony.c')
      D:\Windows Kits\10\Include\10.0.22621.0\um\winnt.h(2587,9):
      voir la définition précédente de « STATUS_FLOAT_OVERFLOW »
  
D:\Windows Kits\10\Include\10.0.22621.0\shared\ntstatus.h(3402,9): warning C4005: 'STATUS_FLOAT_STACK_CHECK' : redéfinition de macro
  (compiler le fichier source 'Hell'sSymphony.c')
      D:\Windows Kits\10\Include\10.0.22621.0\um\winnt.h(2588,9):
      voir la définition précédente de « STATUS_FLOAT_STACK_CHECK »
  
D:\Windows Kits\10\Include\10.0.22621.0\shared\ntstatus.h(3412,9): warning C4005: 'STATUS_FLOAT_UNDERFLOW' : redéfinition de macro
  (compiler le fichier source 'Hell'sSymphony.c')
      D:\Windows Kits\10\Include\10.0.22621.0\um\winnt.h(2589,9):
      voir la définition précédente de « STATUS_FLOAT_UNDERFLOW »
  
D:\Windows Kits\10\Include\10.0.22621.0\shared\ntstatus.h(3422,9): warning C4005: 'STATUS_INTEGER_DIVIDE_BY_ZERO' : redéfinition de macro
  (compiler le fichier source 'Hell'sSymphony.c')
      D:\Windows Kits\10\Include\10.0.22621.0\um\winnt.h(2590,9):
      voir la définition précédente de « STATUS_INTEGER_DIVIDE_BY_ZERO »
  
D:\Windows Kits\10\Include\10.0.22621.0\shared\ntstatus.h(3432,9): warning C4005: 'STATUS_INTEGER_OVERFLOW' : redéfinition de macro
  (compiler le fichier source 'Hell'sSymphony.c')
      D:\Windows Kits\10\Include\10.0.22621.0\um\winnt.h(2591,9):
      voir la définition précédente de « STATUS_INTEGER_OVERFLOW »
  
D:\Windows Kits\10\Include\10.0.22621.0\shared\ntstatus.h(3442,9): warning C4005: 'STATUS_PRIVILEGED_INSTRUCTION' : redéfinition de macro
  (compiler le fichier source 'Hell'sSymphony.c')
      D:\Windows Kits\10\Include\10.0.22621.0\um\winnt.h(2592,9):
      voir la définition précédente de « STATUS_PRIVILEGED_INSTRUCTION »
  
D:\Windows Kits\10\Include\10.0.22621.0\shared\ntstatus.h(4388,9): warning C4005: 'STATUS_STACK_OVERFLOW' : redéfinition de macro
  (compiler le fichier source 'Hell'sSymphony.c')
      D:\Windows Kits\10\Include\10.0.22621.0\um\winnt.h(2593,9):
      voir la définition précédente de « STATUS_STACK_OVERFLOW »
  
D:\Windows Kits\10\Include\10.0.22621.0\shared\ntstatus.h(4905,9): warning C4005: 'STATUS_DLL_NOT_FOUND' : redéfinition de macro
  (compiler le fichier source 'Hell'sSymphony.c')
      D:\Windows Kits\10\Include\10.0.22621.0\um\winnt.h(2594,9):
      voir la définition précédente de « STATUS_DLL_NOT_FOUND »
  
D:\Windows Kits\10\Include\10.0.22621.0\shared\ntstatus.h(4934,9): warning C4005: 'STATUS_ORDINAL_NOT_FOUND' : redéfinition de macro
  (compiler le fichier source 'Hell'sSymphony.c')
      D:\Windows Kits\10\Include\10.0.22621.0\um\winnt.h(2595,9):
      voir la définition précédente de « STATUS_ORDINAL_NOT_FOUND »
  
D:\Windows Kits\10\Include\10.0.22621.0\shared\ntstatus.h(4944,9): warning C4005: 'STATUS_ENTRYPOINT_NOT_FOUND' : redéfinition de macro
  (compiler le fichier source 'Hell'sSymphony.c')
      D:\Windows Kits\10\Include\10.0.22621.0\um\winnt.h(2596,9):
      voir la définition précédente de « STATUS_ENTRYPOINT_NOT_FOUND »
  
D:\Windows Kits\10\Include\10.0.22621.0\shared\ntstatus.h(4954,9): warning C4005: 'STATUS_CONTROL_C_EXIT' : redéfinition de macro
  (compiler le fichier source 'Hell'sSymphony.c')
      D:\Windows Kits\10\Include\10.0.22621.0\um\winnt.h(2597,9):
      voir la définition précédente de « STATUS_CONTROL_C_EXIT »
  
D:\Windows Kits\10\Include\10.0.22621.0\shared\ntstatus.h(5032,9): warning C4005: 'STATUS_DLL_INIT_FAILED' : redéfinition de macro
  (compiler le fichier source 'Hell'sSymphony.c')
      D:\Windows Kits\10\Include\10.0.22621.0\um\winnt.h(2598,9):
      voir la définition précédente de « STATUS_DLL_INIT_FAILED »
  
D:\Windows Kits\10\Include\10.0.22621.0\shared\ntstatus.h(6029,9): warning C4005: 'STATUS_CONTROL_STACK_VIOLATION' : redéfinition de macro
  (compiler le fichier source 'Hell'sSymphony.c')
      D:\Windows Kits\10\Include\10.0.22621.0\um\winnt.h(2599,9):
      voir la définition précédente de « STATUS_CONTROL_STACK_VIOLATION »
  
D:\Windows Kits\10\Include\10.0.22621.0\shared\ntstatus.h(7623,9): warning C4005: 'STATUS_FLOAT_MULTIPLE_FAULTS' : redéfinition de macro
  (compiler le fichier source 'Hell'sSymphony.c')
      D:\Windows Kits\10\Include\10.0.22621.0\um\winnt.h(2600,9):
      voir la définition précédente de « STATUS_FLOAT_MULTIPLE_FAULTS »
  
D:\Windows Kits\10\Include\10.0.22621.0\shared\ntstatus.h(7633,9): warning C4005: 'STATUS_FLOAT_MULTIPLE_TRAPS' : redéfinition de macro
  (compiler le fichier source 'Hell'sSymphony.c')
      D:\Windows Kits\10\Include\10.0.22621.0\um\winnt.h(2601,9):
      voir la définition précédente de « STATUS_FLOAT_MULTIPLE_TRAPS »
  
D:\Windows Kits\10\Include\10.0.22621.0\shared\ntstatus.h(7765,9): warning C4005: 'STATUS_REG_NAT_CONSUMPTION' : redéfinition de macro
  (compiler le fichier source 'Hell'sSymphony.c')
      D:\Windows Kits\10\Include\10.0.22621.0\um\winnt.h(2602,9):
      voir la définition précédente de « STATUS_REG_NAT_CONSUMPTION »
  
D:\Windows Kits\10\Include\10.0.22621.0\shared\ntstatus.h(8748,9): warning C4005: 'STATUS_HEAP_CORRUPTION' : redéfinition de macro
  (compiler le fichier source 'Hell'sSymphony.c')
      D:\Windows Kits\10\Include\10.0.22621.0\um\winnt.h(2603,9):
      voir la définition précédente de « STATUS_HEAP_CORRUPTION »
  
D:\Windows Kits\10\Include\10.0.22621.0\shared\ntstatus.h(8976,9): warning C4005: 'STATUS_STACK_BUFFER_OVERRUN' : redéfinition de macro
  (compiler le fichier source 'Hell'sSymphony.c')
      D:\Windows Kits\10\Include\10.0.22621.0\um\winnt.h(2604,9):
      voir la définition précédente de « STATUS_STACK_BUFFER_OVERRUN »
  
D:\Windows Kits\10\Include\10.0.22621.0\shared\ntstatus.h(9103,9): warning C4005: 'STATUS_INVALID_CRUNTIME_PARAMETER' : redéfinition de macro
  (compiler le fichier source 'Hell'sSymphony.c')
      D:\Windows Kits\10\Include\10.0.22621.0\um\winnt.h(2605,9):
      voir la définition précédente de « STATUS_INVALID_CRUNTIME_PARAMETER »
  
D:\Windows Kits\10\Include\10.0.22621.0\shared\ntstatus.h(9166,9): warning C4005: 'STATUS_ASSERTION_FAILURE' : redéfinition de macro
  (compiler le fichier source 'Hell'sSymphony.c')
      D:\Windows Kits\10\Include\10.0.22621.0\um\winnt.h(2606,9):
      voir la définition précédente de « STATUS_ASSERTION_FAILURE »
  
D:\Windows Kits\10\Include\10.0.22621.0\shared\ntstatus.h(10075,9): warning C4005: 'STATUS_ENCLAVE_VIOLATION' : redéfinition de macro
  (compiler le fichier source 'Hell'sSymphony.c')
      D:\Windows Kits\10\Include\10.0.22621.0\um\winnt.h(2607,9):
      voir la définition précédente de « STATUS_ENCLAVE_VIOLATION »
  
D:\Windows Kits\10\Include\10.0.22621.0\shared\ntstatus.h(10808,9): warning C4005: 'STATUS_INTERRUPTED' : redéfinition de macro
  (compiler le fichier source 'Hell'sSymphony.c')
      D:\Windows Kits\10\Include\10.0.22621.0\um\winnt.h(2608,9):
      voir la définition précédente de « STATUS_INTERRUPTED »
  
D:\Windows Kits\10\Include\10.0.22621.0\shared\ntstatus.h(10817,9): warning C4005: 'STATUS_THREAD_NOT_RUNNING' : redéfinition de macro
  (compiler le fichier source 'Hell'sSymphony.c')
      D:\Windows Kits\10\Include\10.0.22621.0\um\winnt.h(2609,9):
      voir la définition précédente de « STATUS_THREAD_NOT_RUNNING »
  
D:\Windows Kits\10\Include\10.0.22621.0\shared\ntstatus.h(11129,9): warning C4005: 'STATUS_ALREADY_REGISTERED' : redéfinition de macro
  (compiler le fichier source 'Hell'sSymphony.c')
      D:\Windows Kits\10\Include\10.0.22621.0\um\winnt.h(2610,9):
      voir la définition précédente de « STATUS_ALREADY_REGISTERED »
  
D:\Windows Kits\10\Include\10.0.22621.0\shared\ntstatus.h(15048,9): warning C4005: 'STATUS_SXS_EARLY_DEACTIVATION' : redéfinition de macro
  (compiler le fichier source 'Hell'sSymphony.c')
      D:\Windows Kits\10\Include\10.0.22621.0\um\winnt.h(2612,9):
      voir la définition précédente de « STATUS_SXS_EARLY_DEACTIVATION »
  
D:\Windows Kits\10\Include\10.0.22621.0\shared\ntstatus.h(15057,9): warning C4005: 'STATUS_SXS_INVALID_DEACTIVATION' : redéfinition de macro
  (compiler le fichier source 'Hell'sSymphony.c')
      D:\Windows Kits\10\Include\10.0.22621.0\um\winnt.h(2613,9):
      voir la définition précédente de « STATUS_SXS_INVALID_DEACTIVATION »
  
D:\OneDrive\Bureau\Perso\Maldev\Hell'sSymphony\Hell'sSymphony\Sympho.h(12,6): warning C4028: paramètre formel 1 différent de la déclaration
  (compiler le fichier source 'Hell'sSymphony.c')
  
D:\OneDrive\Bureau\Perso\Maldev\Hell'sSymphony\Hell'sSymphony\Hell'sSymphony.c(88,10): warning C4047: '=' : les niveaux d'indirection de 'int' et de 'HANDLE' sont différents
D:\OneDrive\Bureau\Perso\Maldev\Hell'sSymphony\Hell'sSymphony\Hell'sSymphony.c(91,30): warning C4312: 'cast de type' : la conversion de 'int' en 'HANDLE' d'une taille supérieure
D:\OneDrive\Bureau\Perso\Maldev\Hell'sSymphony\Hell'sSymphony\Hell'sSymphony.c(98,13): warning C4477: 'printf' : la chaîne de format '%02X' nécessite un argument de type 'unsigned int', mais l'argument variadique 1 est de type 'HANDLE'
D:\OneDrive\Bureau\Perso\Maldev\Hell'sSymphony\Hell'sSymphony\Hell'sSymphony.c(98,13): warning C4313: 'printf' : '%X' dans la chaîne de format est en conflit avec l'argument 1 de type 'HANDLE'.
D:\OneDrive\Bureau\Perso\Maldev\Hell'sSymphony\Hell'sSymphony\Hell'sSymphony.c(170,9): warning C4047: 'initialisation' : les niveaux d'indirection de 'SIZE_T' et de 'void *' sont différents
D:\OneDrive\Bureau\Perso\Maldev\Hell'sSymphony\Hell'sSymphony\Hell'sSymphony.c(171,54): warning C4244: 'initialisation' : conversion de 'SIZE_T' en 'DWORD', perte possible de données
D:\OneDrive\Bureau\Perso\Maldev\Hell'sSymphony\Hell'sSymphony\Hell'sSymphony.c(299,52): warning C4047: 'fonction' : les niveaux d'indirection de 'ULONG_PTR' et de 'void *' sont différents
D:\OneDrive\Bureau\Perso\Maldev\Hell'sSymphony\Hell'sSymphony\Hell'sSymphony.c(299,52): warning C4024: 'QueueUserAPC' : types différents pour le paramètre formel et réel 3
D:\OneDrive\Bureau\Perso\Maldev\Hell'sSymphony\Hell'sSymphony\Hell'sSymphony.c(328,6): warning C4047: 'initialisation' : les niveaux d'indirection de 'int' et de 'void *' sont différents
  MyFunc.c
D:\OneDrive\Bureau\Perso\Maldev\Hell'sSymphony\Hell'sSymphony\Sympho.h(12,6): warning C4028: paramètre formel 1 différent de la déclaration
  (compiler le fichier source 'MyFunc.c')
  
D:\OneDrive\Bureau\Perso\Maldev\Hell'sSymphony\Hell'sSymphony\MyFunc.c(50,10): warning C4133: '=' : types incompatibles - de 'HMODULE' à 'PLDR_DATA_TABLE_ENTRY'
D:\OneDrive\Bureau\Perso\Maldev\Hell'sSymphony\Hell'sSymphony\MyFunc.c(56,29): warning C4133: '=' : types incompatibles - de 'PLDR_DATA_TABLE_ENTRY' à 'PBYTE'
D:\OneDrive\Bureau\Perso\Maldev\Hell'sSymphony\Hell'sSymphony\MyFunc.c(77,9): warning C4047: 'return' : les niveaux d'indirection de 'BOOL' et de 'void *' sont différents
D:\OneDrive\Bureau\Perso\Maldev\Hell'sSymphony\Hell'sSymphony\MyFunc.c(107,22): warning C4047: '=' : les niveaux d'indirection de 'UINT32_T' et de 'CHAR *' sont différents
D:\OneDrive\Bureau\Perso\Maldev\Hell'sSymphony\Hell'sSymphony\MyFunc.c(175,29): warning C4028: paramètre formel 1 différent de la déclaration
D:\OneDrive\Bureau\Perso\Maldev\Hell'sSymphony\Hell'sSymphony\MyFunc.c(217,38): warning C4047: '!=' : les niveaux d'indirection de 'int' et de 'void *' sont différents
  Génération de code en cours...
  LINK : /LTCG spécifié mais aucune génération de code requise ; supprimez /LTCG de la ligne de commande de l'édition de liens pour améliorer les performances de l'éditeur de liens
  Hell'sSymphony.vcxproj -> D:\OneDrive\Bureau\Perso\Maldev\Hell'sSymphony\x64\Release\Hell'sSymphony.exe
